TIMESTAMP: Mon Dec  9 02:18:34 2013


SETTINGS FOR SIMULATION
-------------------------------

             Number of Monte Carlo Paths:   10 
      Number of time-steps for each path:   10 
                        Random seed used:   17081988 
     Number of Laguerre polynomials used:   3 

PROPERTIES OF THE OPTION
-------------------------------

            The risk free rate of return:   0.060 
        Dividend on the underlying asset:   0.060 
     Expiry time of the option (in days):   300.000 
                            Strike Price:   1.100 
      Volatility on the underlying asset:   0.200 
           The price of the asset at t=0:   1.000 

STOCK PRICE PATHS (time in days)
----------------------------------

Path No. t = 0       t = 30      t = 60      t = 90      t = 120     t = 150     t = 180     t = 210     t = 240     t = 270     t = 300     
----------------------------------------------------------
1        1.0000     *0.8987     *0.9069     *0.9700     *0.9112     *0.9590     *0.9392     *0.8835     *0.8533     *0.7918     *0.7100     
2        1.0000      1.1201      1.1172     *1.0515      1.1267     *1.0776      1.1076      1.1851      1.2353      1.3400      1.5041     
3        1.0000     *0.9789     *1.0092     *0.9030     *0.9121     *0.9157     *0.9114     *0.9628     *0.8557     *0.8693     *0.8427     
4        1.0000     *1.0283     *1.0040      1.1294      1.1256      1.1285      1.1414     *1.0876      1.2318      1.2205      1.2673     
5        1.0000     *1.0975     *1.0986     *1.0426     *0.9748     *1.0436     *1.0947     *1.0429     *1.0625     *1.0528     *1.0716     
6        1.0000     *0.9172     *0.9223     *0.9782     *1.0532     *0.9902     *0.9503     *1.0040     *0.9920     *1.0077     *0.9966     
7        1.0000     *1.0314     *1.0850      1.1178      1.1195     *1.0696     *1.0457     *0.9582     *0.9306     *0.9232     *0.8732     
8        1.0000     *0.9760     *0.9339     *0.9124     *0.9170     *0.9662     *0.9948     *1.0928      1.1326      1.1492      1.2230     
9        1.0000     *0.9559     *0.9543     *0.9655     *0.9558     *0.9133     *0.9323     *0.9544     *1.0550     *1.0525     *1.0718     
10       1.0000     *1.0530     *1.0618     *1.0563     *1.0741      1.1315      1.1158     *1.0971     *0.9991     *1.0080     *0.9964     

CASH FLOW AT t = 300 days (expiry date)
----------------------------------

Path No  S(t)        Cash Flow   EU_option   OXB       
-------  ----        ---------   ---------   ---       
1        0.7100      0.3900      0.3712      300.0000  
2        1.5041      0.0000      0.0000      300.0000  
3        0.8427      0.2573      0.2449      300.0000  
4        1.2673      0.0000      0.0000      300.0000  
5        1.0716      0.0284      0.0270      300.0000  
6        0.9966      0.1034      0.0985      300.0000  
7        0.8732      0.2268      0.2158      300.0000  
8        1.2230      0.0000      0.0000      300.0000  
9        1.0718      0.0282      0.0269      300.0000  
10       0.9964      0.1036      0.0986      300.0000  


******************************************************
* Value of Corresponding European Option: 0.1083 *
******************************************************


CASH FLOW AT t = 270.00 days 
----------------------------------

Path No  S(t)        Discounted  Cash Flow   Continue    OXB       
-------  ----        ----------  ---------   --------    ---       
1        *0.7918     0.3881      0.3082      0.0000      270.0000  
2         1.3400     -1.0000     0.0000      -1.0000     300.0000  
3        *0.8693     0.2560      0.2307      0.0000      270.0000  
4         1.2205     -1.0000     0.0000      -1.0000     300.0000  
5        *1.0528     0.0282      0.0472      0.0000      270.0000  
6        *1.0077     0.1029      0.0923      0.0000      270.0000  
7        *0.9232     0.2256      0.1768      0.0000      270.0000  
8         1.1492     -1.0000     0.0000      -1.0000     300.0000  
9        *1.0525     0.0281      0.0475      0.0000      270.0000  
10       *1.0080     0.1031      0.0920      0.0000      270.0000  


CASH FLOW AT t = 240.00 days 
----------------------------------

Path No  S(t)        Discounted  Cash Flow   Continue    OXB       
-------  ----        ----------  ---------   --------    ---       
1        *0.8533     0.3067      0.2467      0.0000      240.0000  
2         1.2353     -1.0000     0.0000      -1.0000     300.0000  
3        *0.8557     0.2296      0.2443      0.0000      240.0000  
4         1.2318     -1.0000     0.0000      -1.0000     300.0000  
5        *1.0625     0.0469      0.0375      0.0000      240.0000  
6        *0.9920     0.0918      0.1080      0.0000      240.0000  
7        *0.9306     0.1759      0.1694      0.0000      240.0000  
8         1.1326     -1.0000     0.0000      -1.0000     300.0000  
9        *1.0550     0.0472      0.0450      0.0000      240.0000  
10       *0.9991     0.0915      0.1009      0.0000      240.0000  


CASH FLOW AT t = 210.00 days 
----------------------------------

Path No  S(t)        Discounted  Cash Flow   Continue    OXB       
-------  ----        ----------  ---------   --------    ---       
1        *0.8835     0.2455      0.2165      0.0000      210.0000  
2         1.1851     -1.0000     0.0000      -1.0000     300.0000  
3        *0.9628     0.2431      0.1372      0.0000      210.0000  
4        *1.0876     0.0000      0.0124      0.0000      210.0000  
5        *1.0429     0.0373      0.0571      0.0000      210.0000  
6        *1.0040     0.1075      0.0960      0.0000      210.0000  
7        *0.9582     0.1686      0.1418      0.0000      210.0000  
8        *1.0928     0.0000      0.0072      0.0000      210.0000  
9        *0.9544     0.0448      0.1456      0.0000      210.0000  
10       *1.0971     0.1004      0.0029      0.0000      210.0000  


CASH FLOW AT t = 180.00 days 
----------------------------------

Path No  S(t)        Discounted  Cash Flow   Continue    OXB       
-------  ----        ----------  ---------   --------    ---       
1        *0.9392     0.2154      0.1608      0.0000      180.0000  
2         1.1076     -1.0000     0.0000      -1.0000     300.0000  
3        *0.9114     0.1366      0.1886      0.0000      180.0000  
4         1.1414     -1.0000     0.0000      -1.0000     210.0000  
5        *1.0947     0.0568      0.0053      0.0000      180.0000  
6        *0.9503     0.0955      0.1497      0.0000      180.0000  
7        *1.0457     0.1411      0.0543      0.0000      180.0000  
8        *0.9948     0.0072      0.1052      0.0000      180.0000  
9        *0.9323     0.1448      0.1677      0.0000      180.0000  
10        1.1158     -1.0000     0.0000      -1.0000     210.0000  


CASH FLOW AT t = 150.00 days 
----------------------------------

Path No  S(t)        Discounted  Cash Flow   Continue    OXB       
-------  ----        ----------  ---------   --------    ---       
1        *0.9590     0.1600      0.1410      0.0000      150.0000  
2        *1.0776     0.0000      0.0224      0.0000      150.0000  
3        *0.9157     0.1877      0.1843      0.0000      150.0000  
4         1.1285     -1.0000     0.0000      -1.0000     210.0000  
5        *1.0436     0.0053      0.0564      0.0000      150.0000  
6        *0.9902     0.1490      0.1098      0.0000      150.0000  
7        *1.0696     0.0540      0.0304      0.0000      150.0000  
8        *0.9662     0.1047      0.1338      0.0000      150.0000  
9        *0.9133     0.1669      0.1867      0.0000      150.0000  
10        1.1315     0.1004      0.0000      0.0000      210.0000  


CASH FLOW AT t = 120.00 days 
----------------------------------

Path No  S(t)        Discounted  Cash Flow   Continue    OXB       
-------  ----        ----------  ---------   --------    ---       
1        *0.9112     0.1403      0.1888      0.0000      120.0000  
2         1.1267     -1.0000     0.0000      -1.0000     150.0000  
3        *0.9121     0.1834      0.1879      0.0000      120.0000  
4         1.1256     -1.0000     0.0000      -1.0000     210.0000  
5        *0.9748     0.0561      0.1252      0.0000      120.0000  
6        *1.0532     0.1092      0.0468      0.0000      120.0000  
7         1.1195     -1.0000     0.0000      -1.0000     150.0000  
8        *0.9170     0.1331      0.1830      0.0000      120.0000  
9        *0.9558     0.1858      0.1442      0.0000      120.0000  
10       *1.0741     0.0029      0.0259      0.0000      120.0000  


CASH FLOW AT t = 90.00 days 
----------------------------------

Path No  S(t)        Discounted  Cash Flow   Continue    OXB       
-------  ----        ----------  ---------   --------    ---       
1        *0.9700     0.1878      0.1300      0.0000      90.0000   
2        *1.0515     0.0222      0.0485      0.0000      90.0000   
3        *0.9030     0.1869      0.1970      0.0000      90.0000   
4         1.1294     -1.0000     0.0000      -1.0000     210.0000  
5        *1.0426     0.1246      0.0574      0.0000      90.0000   
6        *0.9782     0.0466      0.1218      0.0000      90.0000   
7         1.1178     -1.0000     0.0000      -1.0000     150.0000  
8        *0.9124     0.1821      0.1876      0.0000      90.0000   
9        *0.9655     0.1434      0.1345      0.0000      90.0000   
10       *1.0563     0.0258      0.0437      0.0000      90.0000   


CASH FLOW AT t = 60.00 days 
----------------------------------

Path No  S(t)        Discounted  Cash Flow   Continue    OXB       
-------  ----        ----------  ---------   --------    ---       
1        *0.9069     0.1294      0.1931      0.0000      60.0000   
2         1.1172     -1.0000     0.0000      -1.0000     90.0000   
3        *1.0092     0.1960      0.0908      0.0000      60.0000   
4        *1.0040     0.0121      0.0960      0.0000      60.0000   
5        *1.0986     0.0571      0.0014      0.0000      60.0000   
6        *0.9223     0.1212      0.1777      0.0000      60.0000   
7        *1.0850     0.0300      0.0150      0.0000      60.0000   
8        *0.9339     0.1866      0.1661      0.0000      60.0000   
9        *0.9543     0.1338      0.1457      0.0000      60.0000   
10       *1.0618     0.0435      0.0382      0.0000      60.0000   


CASH FLOW AT t = 30.00 days 
----------------------------------

Path No  S(t)        Discounted  Cash Flow   Continue    OXB       
-------  ----        ----------  ---------   --------    ---       
1        *0.8987     0.1921      0.2013      0.0000      30.0000   
2         1.1201     -1.0000     0.0000      -1.0000     90.0000   
3        *0.9789     0.0904      0.1211      0.0000      30.0000   
4        *1.0283     0.0955      0.0717      0.0000      30.0000   
5        *1.0975     0.0014      0.0025      0.0000      30.0000   
6        *0.9172     0.1768      0.1828      0.0000      30.0000   
7        *1.0314     0.0149      0.0686      0.0000      30.0000   
8        *0.9760     0.1653      0.1240      0.0000      30.0000   
9        *0.9559     0.1450      0.1441      0.0000      30.0000   
10       *1.0530     0.0380      0.0470      0.0000      30.0000   


FINAL RESULTS
------------------------
 i) American Option:
                        Valuation at t=0:   0.100619 
                  Std dev of the samples:   0.112978 
      Maximum rel error (95% confidence):   2.28884 (w.r.t. true mean)
ii) European Option:
                        Valuation at t=0:   0.108286 
                  Std dev of the samples:   0.159218 
      Maximum rel error (95% confidence):   10.2778 (w.r.t. true mean)
