TIMESTAMP: Mon Dec  9 01:40:02 2013


SETTINGS FOR SIMULATION
-------------------------------

             Number of Monte Carlo Paths:   8 
      Number of time-steps for each path:   4 
                        Random seed used:   17081988 
     Number of Laguerre polynomials used:   3 

PROPERTIES OF THE OPTION
-------------------------------

            The risk free rate of return:   0.100 
        Dividend on the underlying asset:   0.100 
     Expiry time of the option (in days):   300.000 
                            Strike Price:   1.050 
      Volatility on the underlying asset:   0.250 
           The price of the asset at t=0:   1.000 

STOCK PRICE PATHS (time in days)
----------------------------------

Path No. t = 0       t = 75      t = 150     t = 225     t = 300     
----------------------------------------------------------
1        1.0000     *0.8159     *0.8371     *0.9633     *0.8579     
2        1.0000      1.2608      1.2641      1.1299      1.3050     
3        1.0000      1.1148      1.0778     *0.9626     *0.9054     
4        1.0000     *0.9227     *0.9817      1.1307      1.2366     
5        1.0000     *0.8692     *0.7061     *0.6822     *0.7300     
6        1.0000      1.1835      1.4985      1.5956      1.5337     
7        1.0000     *0.8090     *0.8315     *0.8444     *0.8429     
8        1.0000      1.2715      1.2726      1.2890      1.3284     

CASH FLOW AT t = 300 days (expiry date)
----------------------------------

Path No  S(t)        Cash Flow   EU_option   OXB       
-------  ----        ---------   ---------   ---       
1        0.8579      0.1921      0.1769      300.0000  
2        1.3050      0.0000      0.0000      300.0000  
3        0.9054      0.1446      0.1332      300.0000  
4        1.2366      0.0000      0.0000      300.0000  
5        0.7300      0.3200      0.2947      300.0000  
6        1.5337      0.0000      0.0000      300.0000  
7        0.8429      0.2071      0.1908      300.0000  
8        1.3284      0.0000      0.0000      300.0000  


******************************************************
* Value of Corresponding European Option: 0.0995 *
******************************************************


CASH FLOW AT t = 225.00 days 
----------------------------------

Path No  S(t)        Discounted  Cash Flow   Continue    OXB       
-------  ----        ----------  ---------   --------    ---       
1        *0.9633     0.1882      0.0867      0.1650      300.0000  
2         1.1299     -1.0000     0.0000      -1.0000     300.0000  
3        *0.9626     0.1417      0.0874      0.1650      300.0000  
4         1.1307     -1.0000     0.0000      -1.0000     300.0000  
5        *0.6822     0.3135      0.3678      0.3135      225.0000  
6         1.5956     -1.0000     0.0000      -1.0000     300.0000  
7        *0.8444     0.2029      0.2056      0.2027      225.0000  
8         1.2890     -1.0000     0.0000      -1.0000     300.0000  


* Linear least Squares fit with [X,Y]= [S(t),Discounted]:
* y = 0.3642*1 + 0.1514*x + -0.6052*(2*x^2 - 1) + 0.2522*(4*x^3 - 3*x)

CASH FLOW AT t = 150.00 days 
----------------------------------

Path No  S(t)        Discounted  Cash Flow   Continue    OXB       
-------  ----        ----------  ---------   --------    ---       
1        *0.8371     0.1843      0.2129      0.1892      150.0000  
2         1.2641     -1.0000     0.0000      -1.0000     300.0000  
3         1.0778     -1.0000     0.0000      -1.0000     300.0000  
4        *0.9817     0.0000      0.0683      -0.0001     150.0000  
5        *0.7061     0.3603      0.3439      0.3605      225.0000  
6         1.4985     -1.0000     0.0000      -1.0000     300.0000  
7        *0.8315     0.2014      0.2185      0.1965      150.0000  
8         1.2726     -1.0000     0.0000      -1.0000     300.0000  


* Linear least Squares fit with [X,Y]= [S(t),Discounted]:
* y = 1.1962*1 + -1.1721*x + -0.0598*(2*x^2 - 1) + 0.0117*(4*x^3 - 3*x)

CASH FLOW AT t = 75.00 days 
----------------------------------

Path No  S(t)        Discounted  Cash Flow   Continue    OXB       
-------  ----        ----------  ---------   --------    ---       
1        *0.8159     0.2086      0.2341      0.2341      75.0000   
2         1.2608     -1.0000     0.0000      -1.0000     300.0000  
3         1.1148     -1.0000     0.0000      -1.0000     300.0000  
4        *0.9227     0.0669      0.1273      0.0683      75.0000   
5        *0.8692     0.3530      0.1808      0.3475      225.0000  
6         1.1835     -1.0000     0.0000      -1.0000     300.0000  
7        *0.8090     0.2141      0.2410      0.1927      75.0000   
8         1.2715     -1.0000     0.0000      -1.0000     300.0000  


* Linear least Squares fit with [X,Y]= [S(t),Discounted]:
* y = -6.1407*1 + -2.8225*x + 17.8727*(2*x^2 - 1) + -10.0127*(4*x^3 - 3*x)

FINAL RESULTS
------------------------
 i) American Option:
                        Valuation at t=0:   0.133644 
                  Std dev of the samples:   0.174418 
      Maximum rel error (95% confidence):   9.45818 (w.r.t. true mean)
ii) European Option:
                        Valuation at t=0:   0.099451 
                  Std dev of the samples:   0.142481 
      Maximum rel error (95% confidence):   137.746 (w.r.t. true mean)
