TIMESTAMP: Sun Dec  8 01:23:35 2013


SETTINGS FOR SIMULATION
-------------------------------

             Number of Monte Carlo Paths:   10 
      Number of time-steps for each path:   4 
                        Random seed used:   78542121 
     Number of Laguerre polynomials used:   3 

PROPERTIES OF THE OPTION
-------------------------------

            The risk free rate of return:   0.060 
        Dividend on the underlying asset:   0.060 
     Expiry time of the option (in days):   300.000 
                            Strike Price:   1.050 
      Volatility on the underlying asset:   0.250 
           The price of the asset at t=0:   1.000 

STOCK PRICE PATHS (time in days)
----------------------------------

Path No. t = 0       t = 75      t = 150     t = 225     t = 300     
----------------------------------------------------------
1       1.0000      1.0900      1.0269      0.8219      0.7124      
2       1.0000      0.8341      0.9112      1.0202      1.1105      
3       1.0000      0.8747      0.9438      0.8703      0.8776      
4       1.0000      0.9863      0.8134      0.8070      0.7765      
5       1.0000      0.7158      0.6763      0.6543      0.5980      
6       1.0000      1.0574      1.1218      1.1502      1.2396      
7       1.0000      0.9823      0.8164      0.7474      0.7532      
8       1.0000      0.9838      0.9447      0.8060      0.8520      
9       1.0000      1.0811      0.9249      1.1407      1.2598      
10      1.0000      1.2515      1.4577      1.4209      1.4668      

CASH FLOW AT t = 300 days (expiry date)
----------------------------------

Path No  S(t)        Cash Flow   EU_option   OXB       
-------  ----        ---------   ---------   ---       
1        0.7124      0.3376      0.3213      300.0000  
2        1.1105      0.0000      0.0000      300.0000  
3        0.8776      0.1724      0.1641      300.0000  
4        0.7765      0.2735      0.2603      300.0000  
5        0.5980      0.4520      0.4302      300.0000  
6        1.2396      0.0000      0.0000      300.0000  
7        0.7532      0.2968      0.2825      300.0000  
8        0.8520      0.1980      0.1885      300.0000  
9        1.2598      0.0000      0.0000      300.0000  
10       1.4668      0.0000      0.0000      300.0000  


******************************************************
* Value of Corresponding European Option: 0.1647 *
******************************************************

CASH FLOW AT t = 225.00 days 
----------------------------------

Path No  S(t)        Cash Flow   Discounted  OXB       
-------  ----        ---------   ----------  ---       
1        0.8219      0.2281      0.3334      300.0000  
2        1.0202      0.0298      0.0000      300.0000  
3        0.8703      0.1797      0.1702      300.0000  
4        0.8070      0.2430      0.2701      300.0000  
5        0.6543      0.3957      0.4465      300.0000  
6        1.1502      0.0000      -1.0000     300.0000  
7        0.7474      0.3026      0.2931      300.0000  
8        0.8060      0.2440      0.1956      300.0000  
9        1.1407      0.0000      -1.0000     300.0000  
10       1.4209      0.0000      -1.0000     300.0000  
Linear least Squares fit with [X,Y]= [S(t),Discounted]:
y[i] = -nan + exp(-x[i]/2)*(-nan*1 + -nan*(1-x[i]) + -nan*(1 - 2*x[i] - pow(x[i],2)/2))
CASH FLOW AT t = 150.00 days 
----------------------------------

Path No  S(t)        Cash Flow   Discounted  OXB       
-------  ----        ---------   ----------  ---       
1        1.0269      0.0231      0.2253      300.0000  
2        0.9112      0.1388      0.0294      300.0000  
3        0.9438      0.1062      0.1775      300.0000  
4        0.8134      0.2366      0.2401      300.0000  
5        0.6763      0.3737      0.3909      300.0000  
6        1.1218      0.0000      -1.0000     300.0000  
7        0.8164      0.2336      0.2989      300.0000  
8        0.9447      0.1053      0.2410      300.0000  
9        0.9249      0.1251      0.0000      300.0000  
10       1.4577      0.0000      -1.0000     300.0000  
Linear least Squares fit with [X,Y]= [S(t),Discounted]:
y[i] = 11.7571 + exp(-x[i]/2)*(-15.0786*1 + 0.5581*(1-x[i]) + 8.0506*(1 - 2*x[i] - pow(x[i],2)/2))
CASH FLOW AT t = 75.00 days 
----------------------------------

Path No  S(t)        Cash Flow   Discounted  OXB       
-------  ----        ---------   ----------  ---       
1        1.0900      0.0000      -1.0000     300.0000  
2        0.8341      0.2159      0.1371      300.0000  
3        0.8747      0.1753      0.1049      300.0000  
4        0.9863      0.0637      0.2337      300.0000  
5        0.7158      0.3342      0.3691      300.0000  
6        1.0574      0.0000      -1.0000     300.0000  
7        0.9823      0.0677      0.2307      300.0000  
8        0.9838      0.0662      0.1040      300.0000  
9        1.0811      0.0000      -1.0000     300.0000  
10       1.2515      0.0000      -1.0000     300.0000  
Linear least Squares fit with [X,Y]= [S(t),Discounted]:
y[i] = 0.6411 + exp(-x[i]/2)*(12.3292*1 + -28.6603*(1-x[i]) + 26.0605*(1 - 2*x[i] - pow(x[i],2)/2))