TIMESTAMP: Mon Dec  9 02:28:48 2013


SETTINGS FOR SIMULATION
-------------------------------

             Number of Monte Carlo Paths:   20 
      Number of time-steps for each path:   10 
                        Random seed used:   17081988 
     Number of Laguerre polynomials used:   3 

PROPERTIES OF THE OPTION
-------------------------------

            The risk free rate of return:   0.060 
        Dividend on the underlying asset:   0.060 
     Expiry time of the option (in days):   300.000 
                            Strike Price:   1.050 
      Volatility on the underlying asset:   0.250 
           The price of the asset at t=0:   1.000 

STOCK PRICE PATHS (time in days)
----------------------------------

Path No. t = 0       t = 30      t = 60      t = 90      t = 120     t = 150     t = 180     t = 210     t = 240     t = 270     t = 300     
----------------------------------------------------------
1        1.0000     *0.8735     *0.8820     *0.9576     *0.8841     *0.9408     *0.9149     *0.8462     *0.8087     *0.7352     *0.6405     
2        1.0000      1.1503      1.1446      1.0592      1.1527      1.0884      1.1244      1.2215      1.2842      1.4192      1.6369     
3        1.0000     *0.9720     *1.0079     *0.8757     *0.8852     *0.8880     *0.8812     *0.9421     *0.8116     *0.8262     *0.7934     
4        1.0000     *1.0337     *1.0016      1.1583      1.1513      1.1530      1.1675      1.0972      1.2797      1.2629      1.3213     
5        1.0000      1.1214      1.1208     *1.0481     *0.9619     *1.0457      1.1080     *1.0411      1.0638     *1.0498      1.0715     
6        1.0000     *0.8960     *0.9007     *0.9678      1.0595     *0.9792     *0.9284     *0.9928     *0.9762     *0.9939     *0.9785     
7        1.0000     *1.0376      1.1035      1.1434      1.1436      1.0783     *1.0465     *0.9365     *0.9013     *0.8908     *0.8295     
8        1.0000     *0.9683     *0.9148     *0.8871     *0.8911     *0.9496     *0.9831      1.1037      1.1522      1.1713      1.2638     
9        1.0000     *0.9436     *0.9399     *0.9521     *0.9385     *0.8851     *0.9065     *0.9319      1.0543     *1.0495      1.0716     
10       1.0000      1.0648      1.0741      1.0653      1.0858      1.1569      1.1348      1.1091     *0.9850     *0.9943     *0.9783     
11       1.0000     *1.0085      1.1176      1.1780      1.0653     *1.0404      1.1328     *1.0299     *0.9790     *0.9585     *0.9574     
12       1.0000     *0.9962     *0.9033     *0.8610     *0.9567     *0.9842     *0.9082     *1.0036      1.0608      1.0886      1.0950     
13       1.0000     *0.8975     *0.9204     *0.8963     *0.7642     *0.8175     *0.7895     *0.8059     *0.9064     *0.9211     *0.8407     
14       1.0000      1.1195      1.0968      1.1316      1.3336      1.2525      1.3031      1.2825      1.1458      1.1329      1.2471     
15       1.0000      1.0794     *1.0418      1.3106      1.2175      1.2209      1.1044     *1.0155      1.0979      1.0777     *1.0443     
16       1.0000     *0.9308     *0.9690     *0.7739     *0.8370     *0.8387     *0.9315     *1.0179     *0.9459     *0.9683     *1.0039     
17       1.0000      1.0618      1.2037      1.1771      1.3136      1.2113      1.1964      1.1052      1.0873      1.1311      1.2363     
18       1.0000     *0.9462     *0.8387     *0.8616     *0.7758     *0.8453     *0.8598     *0.9353     *0.9551     *0.9226     *0.8480     
19       1.0000     *0.9326      1.0811      1.1170      1.1717      1.0754      1.1875      1.0598      1.1680      1.2354      1.1518     
20       1.0000      1.0773     *0.9337     *0.9080     *0.8698     *0.9521     *0.8663     *0.9753     *0.8892     *0.8446     *0.9102     

CASH FLOW AT t = 300 days (expiry date)
----------------------------------

Path No  S(t)        Cash Flow   EU_option   OXB       
-------  ----        ---------   ---------   ---       
1        0.6405      0.4095      0.3898      300.0000  
2        1.6369      0.0000      0.0000      300.0000  
3        0.7934      0.2566      0.2442      300.0000  
4        1.3213      0.0000      0.0000      300.0000  
5        1.0715      0.0000      0.0000      300.0000  
6        0.9785      0.0715      0.0681      300.0000  
7        0.8295      0.2205      0.2099      300.0000  
8        1.2638      0.0000      0.0000      300.0000  
9        1.0716      0.0000      0.0000      300.0000  
10       0.9783      0.0717      0.0682      300.0000  
11       0.9574      0.0926      0.0881      300.0000  
12       1.0950      0.0000      0.0000      300.0000  
13       0.8407      0.2093      0.1992      300.0000  
14       1.2471      0.0000      0.0000      300.0000  
15       1.0443      0.0057      0.0054      300.0000  
16       1.0039      0.0461      0.0439      300.0000  
17       1.2363      0.0000      0.0000      300.0000  
18       0.8480      0.2020      0.1923      300.0000  
19       1.1518      0.0000      0.0000      300.0000  
20       0.9102      0.1398      0.1331      300.0000  


******************************************************
* Value of Corresponding European Option: 0.0821 *
******************************************************


CASH FLOW AT t = 270.00 days 
----------------------------------

Path No  S(t)        Discounted  Cash Flow   Continue    OXB       
-------  ----        ----------  ---------   --------    ---       
1        *0.7352     0.4075      0.3148      0.2721      270.0000  
2         1.4192     -1.0000     0.0000      -1.0000     300.0000  
3        *0.8262     0.2553      0.2238      0.1962      270.0000  
4         1.2629     -1.0000     0.0000      -1.0000     300.0000  
5        *1.0498     0.0000      0.0002      0.0694      300.0000  
6        *0.9939     0.0712      0.0561      0.0927      300.0000  
7        *0.8908     0.2194      0.1592      0.1503      270.0000  
8         1.1713     -1.0000     0.0000      -1.0000     300.0000  
9        *1.0495     0.0000      0.0005      0.0695      300.0000  
10       *0.9943     0.0713      0.0557      0.0925      300.0000  
11       *0.9585     0.0921      0.0915      0.1103      300.0000  
12        1.0886     -1.0000     0.0000      -1.0000     300.0000  
13       *0.9211     0.2083      0.1289      0.1314      300.0000  
14        1.1329     -1.0000     0.0000      -1.0000     300.0000  
15        1.0777     -1.0000     0.0000      -1.0000     300.0000  
16       *0.9683     0.0458      0.0817      0.1052      300.0000  
17        1.1311     -1.0000     0.0000      -1.0000     300.0000  
18       *0.9226     0.2010      0.1274      0.1305      300.0000  
19        1.2354     -1.0000     0.0000      -1.0000     300.0000  
20       *0.8446     0.1391      0.2054      0.1824      270.0000  


CASH FLOW AT t = 240.00 days 
----------------------------------

Path No  S(t)        Discounted  Cash Flow   Continue    OXB       
-------  ----        ----------  ---------   --------    ---       
1        *0.8087     0.3132      0.2413      0.2099      240.0000  
2         1.2842     -1.0000     0.0000      -1.0000     300.0000  
3        *0.8116     0.2227      0.2384      0.2077      240.0000  
4         1.2797     -1.0000     0.0000      -1.0000     300.0000  
5         1.0638     -1.0000     0.0000      -1.0000     300.0000  
6        *0.9762     0.0708      0.0738      0.1012      300.0000  
7        *0.9013     0.1584      0.1487      0.1435      240.0000  
8         1.1522     -1.0000     0.0000      -1.0000     300.0000  
9         1.0543     -1.0000     0.0000      -1.0000     300.0000  
10       *0.9850     0.0710      0.0650      0.0969      300.0000  
11       *0.9790     0.0917      0.0710      0.0998      300.0000  
12        1.0608     -1.0000     0.0000      -1.0000     300.0000  
13       *0.9064     0.2073      0.1436      0.1403      240.0000  
14        1.1458     -1.0000     0.0000      -1.0000     300.0000  
15        1.0979     -1.0000     0.0000      -1.0000     300.0000  
16       *0.9459     0.0456      0.1041      0.1171      300.0000  
17        1.0873     -1.0000     0.0000      -1.0000     300.0000  
18       *0.9551     0.2000      0.0949      0.1121      300.0000  
19        1.1680     -1.0000     0.0000      -1.0000     300.0000  
20       *0.8892     0.2044      0.1608      0.1514      240.0000  


CASH FLOW AT t = 210.00 days 
----------------------------------

Path No  S(t)        Discounted  Cash Flow   Continue    OXB       
-------  ----        ----------  ---------   --------    ---       
1        *0.8462     0.2401      0.2038      0.1813      210.0000  
2         1.2215     -1.0000     0.0000      -1.0000     300.0000  
3        *0.9421     0.2373      0.1079      0.1192      240.0000  
4         1.0972     -1.0000     0.0000      -1.0000     300.0000  
5        *1.0411     0.0000      0.0089      0.0727      300.0000  
6        *0.9928     0.0705      0.0572      0.0932      300.0000  
7        *0.9365     0.1479      0.1135      0.1223      240.0000  
8         1.1037     -1.0000     0.0000      -1.0000     300.0000  
9        *0.9319     0.0000      0.1181      0.1250      300.0000  
10        1.1091     -1.0000     0.0000      -1.0000     300.0000  
11       *1.0299     0.0912      0.0201      0.0771      300.0000  
12       *1.0036     0.0000      0.0464      0.0883      300.0000  
13       *0.8059     0.1429      0.2441      0.2121      210.0000  
14        1.2825     -1.0000     0.0000      -1.0000     300.0000  
15       *1.0155     0.0056      0.0345      0.0831      300.0000  
16       *1.0179     0.0454      0.0321      0.0821      300.0000  
17        1.1052     -1.0000     0.0000      -1.0000     300.0000  
18       *0.9353     0.1990      0.1147      0.1231      300.0000  
19        1.0598     -1.0000     0.0000      -1.0000     300.0000  
20       *0.9753     0.1600      0.0747      0.1017      240.0000  


CASH FLOW AT t = 180.00 days 
----------------------------------

Path No  S(t)        Discounted  Cash Flow   Continue    OXB       
-------  ----        ----------  ---------   --------    ---       
1        *0.9149     0.2028      0.1351      0.1351      210.0000  
2         1.1244     -1.0000     0.0000      -1.0000     300.0000  
3        *0.8812     0.2361      0.1688      0.1567      180.0000  
4         1.1675     -1.0000     0.0000      -1.0000     300.0000  
5         1.1080     -1.0000     0.0000      -1.0000     300.0000  
6        *0.9284     0.0701      0.1216      0.1270      300.0000  
7        *1.0465     0.1472      0.0035      0.0707      240.0000  
8        *0.9831     0.0000      0.0669      0.0978      300.0000  
9        *0.9065     0.0000      0.1435      0.1403      180.0000  
10        1.1348     -1.0000     0.0000      -1.0000     300.0000  
11        1.1328     -1.0000     0.0000      -1.0000     300.0000  
12       *0.9082     0.0000      0.1418      0.1392      180.0000  
13       *0.7895     0.2429      0.2605      0.2255      180.0000  
14        1.3031     -1.0000     0.0000      -1.0000     300.0000  
15        1.1044     -1.0000     0.0000      -1.0000     300.0000  
16       *0.9315     0.0452      0.1185      0.1252      300.0000  
17        1.1964     -1.0000     0.0000      -1.0000     300.0000  
18       *0.8598     0.1980      0.1902      0.1714      180.0000  
19        1.1875     -1.0000     0.0000      -1.0000     300.0000  
20       *0.8663     0.1592      0.1837      0.1669      180.0000  


CASH FLOW AT t = 150.00 days 
----------------------------------

Path No  S(t)        Discounted  Cash Flow   Continue    OXB       
-------  ----        ----------  ---------   --------    ---       
1        *0.9408     0.2018      0.1092      0.1200      210.0000  
2         1.0884     -1.0000     0.0000      -1.0000     300.0000  
3        *0.8880     0.1680      0.1620      0.1522      150.0000  
4         1.1530     -1.0000     0.0000      -1.0000     300.0000  
5        *1.0457     0.0000      0.0043      0.0710      300.0000  
6        *0.9792     0.0698      0.0708      0.0997      300.0000  
7         1.0783     -1.0000     0.0000      -1.0000     240.0000  
8        *0.9496     0.0000      0.1004      0.1151      300.0000  
9        *0.8851     0.1427      0.1649      0.1541      150.0000  
10        1.1569     -1.0000     0.0000      -1.0000     300.0000  
11       *1.0404     0.0903      0.0096      0.0730      300.0000  
12       *0.9842     0.1411      0.0658      0.0973      180.0000  
13       *0.8175     0.2592      0.2325      0.2030      150.0000  
14        1.2525     -1.0000     0.0000      -1.0000     300.0000  
15        1.2209     -1.0000     0.0000      -1.0000     300.0000  
16       *0.8387     0.0449      0.2113      0.1868      150.0000  
17        1.2113     -1.0000     0.0000      -1.0000     300.0000  
18       *0.8453     0.1892      0.2047      0.1819      150.0000  
19        1.0754     -1.0000     0.0000      -1.0000     300.0000  
20       *0.9521     0.1828      0.0979      0.1137      180.0000  


CASH FLOW AT t = 120.00 days 
----------------------------------

Path No  S(t)        Discounted  Cash Flow   Continue    OXB       
-------  ----        ----------  ---------   --------    ---       
1        *0.8841     0.2008      0.1659      0.1547      120.0000  
2         1.1527     -1.0000     0.0000      -1.0000     300.0000  
3        *0.8852     0.1612      0.1648      0.1540      120.0000  
4         1.1513     -1.0000     0.0000      -1.0000     300.0000  
5        *0.9619     0.0000      0.0881      0.1085      300.0000  
6         1.0595     -1.0000     0.0000      -1.0000     300.0000  
7         1.1436     -1.0000     0.0000      -1.0000     240.0000  
8        *0.8911     0.0000      0.1589      0.1501      120.0000  
9        *0.9385     0.1641      0.1115      0.1212      150.0000  
10        1.0858     -1.0000     0.0000      -1.0000     300.0000  
11        1.0653     -1.0000     0.0000      -1.0000     300.0000  
12       *0.9567     0.1404      0.0933      0.1113      180.0000  
13       *0.7642     0.2314      0.2858      0.2467      120.0000  
14        1.3336     -1.0000     0.0000      -1.0000     300.0000  
15        1.2175     -1.0000     0.0000      -1.0000     300.0000  
16       *0.8370     0.2103      0.2130      0.1880      120.0000  
17        1.3136     -1.0000     0.0000      -1.0000     300.0000  
18       *0.7758     0.2037      0.2742      0.2369      120.0000  
19        1.1717     -1.0000     0.0000      -1.0000     300.0000  
20       *0.8698     0.1819      0.1802      0.1645      120.0000  


CASH FLOW AT t = 90.00 days 
----------------------------------

Path No  S(t)        Discounted  Cash Flow   Continue    OXB       
-------  ----        ----------  ---------   --------    ---       
1        *0.9576     0.1651      0.0924      0.1108      120.0000  
2         1.0592     -1.0000     0.0000      -1.0000     300.0000  
3        *0.8757     0.1640      0.1743      0.1604      90.0000   
4         1.1583     -1.0000     0.0000      -1.0000     300.0000  
5        *1.0481     0.0000      0.0019      0.0701      300.0000  
6        *0.9678     0.0691      0.0822      0.1055      300.0000  
7         1.1434     -1.0000     0.0000      -1.0000     240.0000  
8        *0.8871     0.1581      0.1629      0.1527      90.0000   
9        *0.9521     0.1633      0.0979      0.1137      150.0000  
10        1.0653     -1.0000     0.0000      -1.0000     300.0000  
11        1.1780     -1.0000     0.0000      -1.0000     300.0000  
12       *0.8610     0.1397      0.1890      0.1706      90.0000   
13       *0.8963     0.2844      0.1537      0.1467      90.0000   
14        1.1316     -1.0000     0.0000      -1.0000     300.0000  
15        1.3106     -1.0000     0.0000      -1.0000     300.0000  
16       *0.7739     0.2119      0.2761      0.2385      90.0000   
17        1.1771     -1.0000     0.0000      -1.0000     300.0000  
18       *0.8616     0.2729      0.1884      0.1701      90.0000   
19        1.1170     -1.0000     0.0000      -1.0000     300.0000  
20       *0.9080     0.1793      0.1420      0.1393      90.0000   


CASH FLOW AT t = 60.00 days 
----------------------------------

Path No  S(t)        Discounted  Cash Flow   Continue    OXB       
-------  ----        ----------  ---------   --------    ---       
1        *0.8820     0.1643      0.1680      0.1562      60.0000   
2         1.1446     -1.0000     0.0000      -1.0000     300.0000  
3        *1.0079     0.1734      0.0421      0.0864      90.0000   
4        *1.0016     0.0000      0.0484      0.0892      300.0000  
5         1.1208     -1.0000     0.0000      -1.0000     300.0000  
6        *0.9007     0.0688      0.1493      0.1440      60.0000   
7         1.1035     -1.0000     0.0000      -1.0000     240.0000  
8        *0.9148     0.1621      0.1352      0.1351      60.0000   
9        *0.9399     0.1625      0.1101      0.1205      150.0000  
10        1.0741     -1.0000     0.0000      -1.0000     300.0000  
11        1.1176     -1.0000     0.0000      -1.0000     300.0000  
12       *0.9033     0.1881      0.1467      0.1423      60.0000   
13       *0.9204     0.1529      0.1296      0.1318      90.0000   
14        1.0968     -1.0000     0.0000      -1.0000     300.0000  
15       *1.0418     0.0055      0.0082      0.0725      300.0000  
16       *0.9690     0.2748      0.0810      0.1048      90.0000   
17        1.2037     -1.0000     0.0000      -1.0000     300.0000  
18       *0.8387     0.1874      0.2113      0.1868      60.0000   
19        1.0811     -1.0000     0.0000      -1.0000     300.0000  
20       *0.9337     0.1413      0.1163      0.1240      90.0000   


CASH FLOW AT t = 30.00 days 
----------------------------------

Path No  S(t)        Discounted  Cash Flow   Continue    OXB       
-------  ----        ----------  ---------   --------    ---       
1        *0.8735     0.1672      0.1765      0.1619      30.0000   
2         1.1503     -1.0000     0.0000      -1.0000     300.0000  
3        *0.9720     0.1726      0.0780      0.1033      90.0000   
4        *1.0337     0.0000      0.0163      0.0756      300.0000  
5         1.1214     -1.0000     0.0000      -1.0000     300.0000  
6        *0.8960     0.1486      0.1540      0.1470      30.0000   
7        *1.0376     0.1436      0.0124      0.0741      240.0000  
8        *0.9683     0.1345      0.0817      0.1052      60.0000   
9        *0.9436     0.1617      0.1064      0.1184      150.0000  
10        1.0648     -1.0000     0.0000      -1.0000     300.0000  
11       *1.0085     0.0886      0.0415      0.0861      300.0000  
12       *0.9962     0.1460      0.0538      0.0917      60.0000   
13       *0.8975     0.1522      0.1525      0.1460      30.0000   
14        1.1195     -1.0000     0.0000      -1.0000     300.0000  
15        1.0794     -1.0000     0.0000      -1.0000     300.0000  
16       *0.9308     0.2734      0.1192      0.1256      90.0000   
17        1.0618     -1.0000     0.0000      -1.0000     300.0000  
18       *0.9462     0.2103      0.1038      0.1169      60.0000   
19       *0.9326     0.0000      0.1174      0.1246      300.0000  
20        1.0773     -1.0000     0.0000      -1.0000     90.0000   


FINAL RESULTS
------------------------
 i) American Option:
                        Valuation at t=0:   0.100919 
                  Std dev of the samples:   0.128811 
      Maximum rel error (95% confidence):   1.26964 (w.r.t. true mean)
ii) European Option:
                        Valuation at t=0:   0.0821113 
                  Std dev of the samples:   0.134588 
      Maximum rel error (95% confidence):   2.5507 (w.r.t. true mean)
