TIMESTAMP: Mon Dec  9 01:04:16 2013


SETTINGS FOR SIMULATION
-------------------------------

             Number of Monte Carlo Paths:   8 
      Number of time-steps for each path:   4 
                        Random seed used:   78542121 
     Number of Laguerre polynomials used:   3 

PROPERTIES OF THE OPTION
-------------------------------

            The risk free rate of return:   0.060 
        Dividend on the underlying asset:   0.060 
     Expiry time of the option (in days):   300.000 
                            Strike Price:   1.050 
      Volatility on the underlying asset:   0.250 
           The price of the asset at t=0:   1.000 

STOCK PRICE PATHS (time in days)
----------------------------------

Path No. t = 0       t = 75      t = 150     t = 225     t = 300     
----------------------------------------------------------
1        1.0000      1.0900     *1.0269     *0.8219     *0.7124     
2        1.0000     *0.8341     *0.9112     *1.0202      1.1105     
3        1.0000     *0.8747     *0.9438     *0.8703     *0.8776     
4        1.0000     *0.9863     *0.8134     *0.8070     *0.7765     
5        1.0000     *0.7158     *0.6763     *0.6543     *0.5980     
6        1.0000      1.0574      1.1218      1.1502      1.2396     
7        1.0000     *0.9823     *0.8164     *0.7474     *0.7532     
8        1.0000     *0.9838     *0.9447     *0.8060     *0.8520     

CASH FLOW AT t = 300 days (expiry date)
----------------------------------

Path No  S(t)        Cash Flow   EU_option   OXB       
-------  ----        ---------   ---------   ---       
1        0.7124      0.3376      0.3213      300.0000  
2        1.1105      0.0000      0.0000      300.0000  
3        0.8776      0.1724      0.1641      300.0000  
4        0.7765      0.2735      0.2603      300.0000  
5        0.5980      0.4520      0.4302      300.0000  
6        1.2396      0.0000      0.0000      300.0000  
7        0.7532      0.2968      0.2825      300.0000  
8        0.8520      0.1980      0.1885      300.0000  


******************************************************
* Value of Corresponding European Option: 0.2059 *
******************************************************


CASH FLOW AT t = 225.00 days 
----------------------------------

Path No  S(t)        Discounted  Cash Flow   Continue    OXB       
-------  ----        ----------  ---------   --------    ---       
1        *0.8219     0.3334      0.2281      0.2427      300.0000  
2        *1.0202     0.0000      0.0298      -0.0002     225.0000  
3        *0.8703     0.1702      0.1797      0.1968      300.0000  
4        *0.8070     0.2701      0.2430      0.2568      300.0000  
5        *0.6543     0.4465      0.3957      0.4389      300.0000  
6         1.1502     -1.0000     0.0000      -1.0000     300.0000  
7        *0.7474     0.2931      0.3026      0.3162      300.0000  
8        *0.8060     0.1956      0.2440      0.2577      300.0000  


* Linear least Squares fit with [X,Y]= [S(t),Discounted]:
* y = 15.0744*1 + -22.7562*x + 9.6681*(2*x^2 - 1) + -1.9514*(4*x^3 - 3*x)

CASH FLOW AT t = 150.00 days 
----------------------------------

Path No  S(t)        Discounted  Cash Flow   Continue    OXB       
-------  ----        ----------  ---------   --------    ---       
1        *1.0269     0.3293      0.0231      0.3295      300.0000  
2        *0.9112     0.0294      0.1388      0.1397      225.0000  
3        *0.9438     0.1682      0.1062      0.1451      300.0000  
4        *0.8134     0.2668      0.2366      0.2556      300.0000  
5        *0.6763     0.4410      0.3737      0.4518      300.0000  
6         1.1218     -1.0000     0.0000      -1.0000     300.0000  
7        *0.8164     0.2896      0.2336      0.2503      300.0000  
8        *0.9447     0.1932      0.1053      0.1457      300.0000  


* Linear least Squares fit with [X,Y]= [S(t),Discounted]:
* y = -56.6427*1 + 89.4014*x + -41.2122*(2*x^2 - 1) + 8.6919*(4*x^3 - 3*x)

CASH FLOW AT t = 75.00 days 
----------------------------------

Path No  S(t)        Discounted  Cash Flow   Continue    OXB       
-------  ----        ----------  ---------   --------    ---       
1         1.0900     -1.0000     0.0000      -1.0000     300.0000  
2        *0.8341     0.0291      0.2159      0.1087      75.0000   
3        *0.8747     0.1661      0.1753      0.0875      75.0000   
4        *0.9863     0.2635      0.0637      0.2569      300.0000  
5        *0.7158     0.4356      0.3342      0.4232      300.0000  
6         1.0574     -1.0000     0.0000      -1.0000     300.0000  
7        *0.9823     0.2860      0.0677      0.2451      300.0000  
8        *0.9838     0.1908      0.0662      0.2497      300.0000  


* Linear least Squares fit with [X,Y]= [S(t),Discounted]:
* y = 17.3011*1 + -23.8475*x + 6.8796*(2*x^2 - 1) + -0.0324*(4*x^3 - 3*x)

FINAL RESULTS
------------------------
 i) American Option:
                        Valuation at t=0:   0.233658 
                  Std dev of the samples:   0.24807 
      Maximum rel error (95% confidence):   2.78366 (w.r.t. true mean)
ii) European Option:
                        Valuation at t=0:   0.205863 
                  Std dev of the samples:   0.238741 
      Maximum rel error (95% confidence):   4.0926 (w.r.t. true mean)
