TIMESTAMP: Mon Dec  9 01:03:16 2013


SETTINGS FOR SIMULATION
-------------------------------

             Number of Monte Carlo Paths:   8 
      Number of time-steps for each path:   3 
                        Random seed used:   78542121 
     Number of Laguerre polynomials used:   3 

PROPERTIES OF THE OPTION
-------------------------------

            The risk free rate of return:   0.060 
        Dividend on the underlying asset:   0.060 
     Expiry time of the option (in days):   300.000 
                            Strike Price:   1.050 
      Volatility on the underlying asset:   0.250 
           The price of the asset at t=0:   1.000 

STOCK PRICE PATHS (time in days)
----------------------------------

Path No. t = 0       t = 100     t = 200     t = 300     
----------------------------------------------------------
1        1.0000      1.1058     *1.0333     *0.7999     
2        1.0000     *0.8487     *0.6891     *0.7639     
3        1.0000      1.1406      1.2593      1.0801     
4        1.0000      1.0929     *0.9964     *1.0071     
5        1.0000     *0.9852     *0.7895     *0.7831     
6        1.0000     *0.9576     *0.6516     *0.6109     
7        1.0000     *0.9635     *0.8694     *0.9282     
8        1.0000      1.0718      1.1043      1.2053     

CASH FLOW AT t = 300 days (expiry date)
----------------------------------

Path No  S(t)        Cash Flow   EU_option   OXB       
-------  ----        ---------   ---------   ---       
1        0.7999      0.2501      0.2381      300.0000  
2        0.7639      0.2861      0.2723      300.0000  
3        1.0801      0.0000      0.0000      300.0000  
4        1.0071      0.0429      0.0408      300.0000  
5        0.7831      0.2669      0.2541      300.0000  
6        0.6109      0.4391      0.4180      300.0000  
7        0.9282      0.1218      0.1159      300.0000  
8        1.2053      0.0000      0.0000      300.0000  


******************************************************
* Value of Corresponding European Option: 0.1674 *
******************************************************


CASH FLOW AT t = 200.00 days 
----------------------------------

Path No  S(t)        Discounted  Cash Flow   Continue    OXB       
-------  ----        ----------  ---------   --------    ---       
1        *1.0333     0.2460      0.0167      0.2040      300.0000  
2        *0.6891     0.2814      0.3609      0.3679      300.0000  
3         1.2593     -1.0000     0.0000      -1.0000     300.0000  
4        *0.9964     0.0422      0.0536      0.1068      300.0000  
5        *0.7895     0.2626      0.2605      0.2279      200.0000  
6        *0.6516     0.4319      0.3984      0.3790      200.0000  
7        *0.8694     0.1198      0.1806      0.0982      200.0000  
8         1.1043     -1.0000     0.0000      -1.0000     300.0000  


* Linear least Squares fit with [X,Y]= [S(t),Discounted]:
* y = -50.6155*1 + 79.7625*x + -36.7164*(2*x^2 - 1) + 7.6834*(4*x^3 - 3*x)

CASH FLOW AT t = 100.00 days 
----------------------------------

Path No  S(t)        Discounted  Cash Flow   Continue    OXB       
-------  ----        ----------  ---------   --------    ---       
1         1.1058     -1.0000     0.0000      -1.0000     300.0000  
2        *0.8487     0.2769      0.2013      0.2779      300.0000  
3         1.1406     -1.0000     0.0000      -1.0000     300.0000  
4         1.0929     -1.0000     0.0000      -1.0000     300.0000  
5        *0.9852     0.2563      0.0648      0.2366      200.0000  
6        *0.9576     0.3919      0.0924      0.2996      200.0000  
7        *0.9635     0.1777      0.0865      0.2886      200.0000  
8         1.0718     -1.0000     0.0000      -1.0000     300.0000  


* Linear least Squares fit with [X,Y]= [S(t),Discounted]:
* y = -3.8339*1 + 2.7199*x + 3.5736*(2*x^2 - 1) + -2.2691*(4*x^3 - 3*x)

FINAL RESULTS
------------------------
 i) American Option:
                        Valuation at t=0:   0.170449 
                  Std dev of the samples:   0.208014 
      Maximum rel error (95% confidence):   5.48034 (w.r.t. true mean)
ii) European Option:
                        Valuation at t=0:   0.167397 
                  Std dev of the samples:   0.211298 
      Maximum rel error (95% confidence):   6.98072 (w.r.t. true mean)
